[03:09:34] [ServerMain/INFO]: [bootstrap] Running Java 21 (OpenJDK 64-Bit Server VM 21.0.5+11-Ubuntu-1ubuntu120.04; Ubuntu null) on Linux 6.5.0-1025-azure (amd64)
[03:09:34] [ServerMain/INFO]: [bootstrap] Loading Paper 1.21-130-master@b1b5d4c (2024-08-10T10:02:42Z) for Minecraft 1.21
[03:09:34] [ServerMain/INFO]: [PluginInitializerManager] Initializing plugins...
[03:09:34] [ServerMain/INFO]: [PluginInitializerManager] Initialized 0 plugins
[03:09:38] [ServerMain/INFO]: Environment: Environment[sessionHost=https://sessionserver.mojang.com, servicesHost=https://api.minecraftservices.com, name=PROD]
[03:09:40] [ServerMain/INFO]: Loaded 1290 recipes
[03:09:40] [ServerMain/INFO]: Loaded 1399 advancements
[03:09:41] [Server thread/INFO]: Starting minecraft server version 1.21
[03:09:41] [Server thread/INFO]: Loading properties
[03:09:41] [Server thread/INFO]: This server is running Paper version 1.21-130-master@b1b5d4c (2024-08-10T10:02:42Z) (Implementing API version 1.21-R0.1-SNAPSHOT)
[03:09:41] [Server thread/INFO]: [spark] This server bundles the spark profiler. For more information please visit https://docs.papermc.io/paper/profiling
[03:09:41] [Server thread/INFO]: Server Ping Player Sample Count: 12
[03:09:41] [Server thread/INFO]: Using 4 threads for Netty based IO
[03:09:42] [Server thread/INFO]: [ChunkTaskScheduler] Chunk system is using 1 I/O threads, 1 worker threads, and population gen parallelism of 1 threads
[03:09:42] [Server thread/INFO]: Default game type: SURVIVAL
[03:09:42] [Server thread/INFO]: Generating keypair
[03:09:42] [Server thread/INFO]: Starting Minecraft server on *:19132
[03:09:43] [Server thread/INFO]: Using epoll channel type
[03:09:43] [Server thread/INFO]: Paper: Using libdeflate (Linux x86_64) compression from Velocity.
[03:09:43] [Server thread/INFO]: Paper: Using OpenSSL 1.1.x (Linux x86_64) cipher from Velocity.
[03:09:43] [Server thread/INFO]: Server permissions file permissions.yml is empty, ignoring it
[03:09:43] [Server thread/WARN]: **** SERVER IS RUNNING IN OFFLINE/INSECURE MODE!
[03:09:43] [Server thread/WARN]: The server will make no attempt to authenticate usernames. Beware.
[03:09:43] [Server thread/WARN]: While this makes the game possible to play without internet access, it also opens up the ability for hackers to connect with any username they choose.
[03:09:43] [Server thread/WARN]: To change this, set "online-mode" to "true" in the server.properties file.
[03:09:43] [Server thread/INFO]: Preparing level "world"
[03:09:43] [Server thread/INFO]: Preparing start region for dimension minecraft:overworld
[03:09:44] [Server thread/INFO]: Time elapsed: 1341 ms
[03:09:44] [Server thread/INFO]: Preparing start region for dimension minecraft:the_nether
[03:09:44] [Server thread/INFO]: Time elapsed: 186 ms
[03:09:44] [Server thread/INFO]: Preparing start region for dimension minecraft:the_end
[03:09:45] [Server thread/INFO]: Time elapsed: 99 ms
[03:09:45] [Server thread/INFO]: [spark] Starting background profiler...
[03:09:45] [Server thread/INFO]: Done preparing level "world" (2.355s)
[03:09:45] [Server thread/INFO]: Running delayed init tasks
[03:09:45] [Server thread/INFO]: Done (12.028s)! For help, type "help"
[03:09:45] [Server thread/INFO]: Timings Reset
[03:12:14] [Server thread/INFO]: Stopping server
[03:12:14] [Server thread/INFO]: Saving players
[03:12:15] [Server thread/INFO]: Saving worlds
[03:12:15] [Server thread/INFO]: Saving chunks for level 'ServerLevel[world]'/minecraft:overworld
[03:12:15] [Server thread/INFO]: [ChunkHolderManager] Waiting 60s for chunk system to halt for world 'world'
[03:12:15] [Server thread/INFO]: [ChunkHolderManager] Halted chunk system for world 'world'
[03:12:15] [Server thread/INFO]: [ChunkHolderManager] Saving all chunkholders for world 'world'
